<?xml version="1.0" encoding="UTF-8"?>
<!-- Generated by org.testng.reporters.JUnitXMLReporter -->
<testsuite hostname="Vishnu" ignored="0" name="Test05" tests="3" failures="1" timestamp="26 May 2018 06:54:26 GMT" time="27.95" errors="0">
  <testcase name="createLead" time="17.203" classname="leaf.Lead.CreateLead"/>
  <testcase name="createLead" time="10.692" classname="leaf.Lead.CreateLead">
    <failure type="java.lang.NullPointerException">
      <![CDATA[java.lang.NullPointerException
at wdMethods.SeMethods.type(SeMethods.java:114)
at leaf.Lead.CreateLead.createLead(CreateLead.java:13)
... Removed 25 stack frames]]>
    </failure>
  </testcase> <!-- createLead -->
  <testcase name="editLead" time="0.0" classname="leaf.Lead.EditLead">
    <skipped/>
  </testcase> <!-- editLead -->
</testsuite> <!-- Test05 -->
