<?xml version="1.0" encoding="UTF-8"?>
<!-- Generated by org.testng.reporters.JUnitXMLReporter -->
<testsuite hostname="Vishnu" ignored="0" name="Test" tests="1" failures="1" timestamp="07 Jun 2018 17:47:41 GMT" time="27.684" errors="0">
  <testcase name="editLead" time="15.952" classname="leaf.Lead.EditLead">
    <failure type="java.lang.RuntimeException">
      <![CDATA[java.lang.RuntimeException
at wdMethods.SeMethods.locateElement(SeMethods.java:100)
at leaf.Lead.EditLead.editLead(EditLead.java:18)
... Removed 25 stack frames]]>
    </failure>
  </testcase> <!-- editLead -->
</testsuite> <!-- Test -->
