<?xml version="1.0" encoding="UTF-8"?>
<!-- Generated by org.testng.reporters.JUnitXMLReporter -->
<testsuite hostname="Vishnu" ignored="0" name="Test06" tests="3" failures="0" timestamp="26 May 2018 07:00:43 GMT" time="52.474" errors="0">
  <testcase name="createLead" time="17.904" classname="leaf.Lead.CreateLead"/>
  <testcase name="createLead" time="15.479" classname="leaf.Lead.CreateLead"/>
  <testcase name="editLead" time="19.03" classname="leaf.Lead.EditLead"/>
</testsuite> <!-- Test06 -->
